[debug] [2023-10-11T10:56:02.227Z] ----------------------------------------------------------------------
[debug] [2023-10-11T10:56:02.228Z] Command:       /opt/homebrew/Cellar/node/17.2.0/bin/node /opt/homebrew/bin/firebase deploy
[debug] [2023-10-11T10:56:02.228Z] CLI Version:   12.6.1
[debug] [2023-10-11T10:56:02.228Z] Platform:      darwin
[debug] [2023-10-11T10:56:02.228Z] Node Version:  v17.2.0
[debug] [2023-10-11T10:56:02.229Z] Time:          Wed Oct 11 2023 16:26:02 GMT+0530 (India Standard Time)
[debug] [2023-10-11T10:56:02.229Z] ----------------------------------------------------------------------
[debug] 
[debug] [2023-10-11T10:56:02.264Z] > command requires scopes: ["email","openid","https://www.googleapis.com/auth/cloudplatformprojects.readonly","https://www.googleapis.com/auth/firebase","https://www.googleapis.com/auth/cloud-platform"]
[debug] [2023-10-11T10:56:02.265Z] > authorizing via signed-in user (piyushmahajan7749@gmail.com)
[debug] [2023-10-11T10:56:02.265Z] [iam] checking project gamethinkingai for permissions ["firebase.projects.get","firebasehosting.sites.update"]
[debug] [2023-10-11T10:56:02.266Z] >>> [apiv2][query] POST https://cloudresourcemanager.googleapis.com/v1/projects/gamethinkingai:testIamPermissions [none]
[debug] [2023-10-11T10:56:02.266Z] >>> [apiv2][(partial)header] POST https://cloudresourcemanager.googleapis.com/v1/projects/gamethinkingai:testIamPermissions x-goog-quota-user=projects/gamethinkingai
[debug] [2023-10-11T10:56:02.266Z] >>> [apiv2][body] POST https://cloudresourcemanager.googleapis.com/v1/projects/gamethinkingai:testIamPermissions {"permissions":["firebase.projects.get","firebasehosting.sites.update"]}
[debug] [2023-10-11T10:56:03.838Z] <<< [apiv2][status] POST https://cloudresourcemanager.googleapis.com/v1/projects/gamethinkingai:testIamPermissions 200
[debug] [2023-10-11T10:56:03.839Z] <<< [apiv2][body] POST https://cloudresourcemanager.googleapis.com/v1/projects/gamethinkingai:testIamPermissions {"permissions":["firebase.projects.get","firebasehosting.sites.update"]}
[debug] [2023-10-11T10:56:03.840Z] >>> [apiv2][query] GET https://firebase.googleapis.com/v1beta1/projects/gamethinkingai [none]
[debug] [2023-10-11T10:56:04.341Z] <<< [apiv2][status] GET https://firebase.googleapis.com/v1beta1/projects/gamethinkingai 200
[debug] [2023-10-11T10:56:04.341Z] <<< [apiv2][body] GET https://firebase.googleapis.com/v1beta1/projects/gamethinkingai {"projectId":"gamethinkingai","projectNumber":"326653420397","displayName":"GamethinkingAI","name":"projects/gamethinkingai","resources":{"hostingSite":"gamethinkingai"},"state":"ACTIVE","etag":"1_a761166b-93b3-41b3-8d8c-607381b5a593"}
[debug] [2023-10-11T10:56:05.210Z] >>> [apiv2][query] GET https://firebasehosting.googleapis.com/v1beta1/projects/gamethinkingai/sites pageToken=&pageSize=10
[debug] [2023-10-11T10:56:06.374Z] <<< [apiv2][status] GET https://firebasehosting.googleapis.com/v1beta1/projects/gamethinkingai/sites 200
[debug] [2023-10-11T10:56:06.374Z] <<< [apiv2][body] GET https://firebasehosting.googleapis.com/v1beta1/projects/gamethinkingai/sites {"sites":[{"name":"projects/gamethinkingai/sites/gamethinkingai","defaultUrl":"https://gamethinkingai.web.app","appId":"1:326653420397:web:acb424eea68761b611b064","type":"DEFAULT_SITE"}]}
[debug] [2023-10-11T10:56:06.375Z] >>> [apiv2][query] GET https://firebase.googleapis.com/v1beta1/projects/-/webApps/1:326653420397:web:acb424eea68761b611b064/config [none]
[debug] [2023-10-11T10:56:07.622Z] <<< [apiv2][status] GET https://firebase.googleapis.com/v1beta1/projects/-/webApps/1:326653420397:web:acb424eea68761b611b064/config 200
[debug] [2023-10-11T10:56:07.623Z] <<< [apiv2][body] GET https://firebase.googleapis.com/v1beta1/projects/-/webApps/1:326653420397:web:acb424eea68761b611b064/config {"projectId":"gamethinkingai","appId":"1:326653420397:web:acb424eea68761b611b064","storageBucket":"gamethinkingai.appspot.com","apiKey":"AIzaSyDHeLQjAg8KX-G-8C6QzcoTzPXXCRb3KCY","authDomain":"gamethinkingai.firebaseapp.com","messagingSenderId":"326653420397","measurementId":"G-DR6QG81Z0J"}
[info] 
   Thank you for trying our early preview of Next.js support on Firebase Hosting.
   During the preview, support is best-effort and breaking changes can be expected. Proceed with caution.

   Documentation: https://firebase.google.com/docs/hosting/frameworks/nextjs
   File a bug: https://github.com/firebase/firebase-tools/issues/new?template=bug_report.md
   Submit a feature request: https://github.com/firebase/firebase-tools/issues/new?template=feature_request.md

   We'd love to learn from you. Express your interest in helping us shape the future of Firebase Hosting: https://goo.gle/41enW5X

[info] (node:53766) ExperimentalWarning: stream/web is an experimental feature. This feature could change at any time
(Use `node --trace-warnings ...` to show where the warning was created)

[info] - info Loaded env from /Users/piyush/Projects/leadgen/next13-ai-saas/.env

[info] - info Creating an optimized production build...

[info] Failed to compile.


[info] ./app/(dashboard)/(routes)/settings/page.tsx
Module not found: Can't resolve '@/lib/subscription'

https://nextjs.org/docs/messages/module-not-found

./app/api/conversation/route.ts
Module not found: Can't resolve '@/lib/subscription'

https://nextjs.org/docs/messages/module-not-found

./app/api/conversation/route.ts
Module not found: Can't resolve '@/lib/api-limit'

https://nextjs.org/docs/messages/module-not-found

./app/api/image/route.ts
Module not found: Can't resolve '@/lib/subscription'

https://nextjs.org/docs/messages/module-not-found

./app/api/image/route.ts
Module not found: Can't resolve '@/lib/api-limit'

https://nextjs.org/docs/messages/module-not-found


[info] 
> Build failed because of webpack errors

[debug] [2023-10-11T10:56:16.843Z] Error: ENOENT: no such file or directory, open '/Users/piyush/Projects/leadgen/next13-ai-saas/.next/export-marker.json'
[error] 
[error] Error: An unexpected error has occurred.
[debug] [2023-10-11T10:58:44.723Z] ----------------------------------------------------------------------
[debug] [2023-10-11T10:58:44.724Z] Command:       /opt/homebrew/Cellar/node/17.2.0/bin/node /opt/homebrew/bin/firebase deploy
[debug] [2023-10-11T10:58:44.724Z] CLI Version:   12.6.1
[debug] [2023-10-11T10:58:44.724Z] Platform:      darwin
[debug] [2023-10-11T10:58:44.724Z] Node Version:  v17.2.0
[debug] [2023-10-11T10:58:44.725Z] Time:          Wed Oct 11 2023 16:28:44 GMT+0530 (India Standard Time)
[debug] [2023-10-11T10:58:44.725Z] ----------------------------------------------------------------------
[debug] 
[debug] [2023-10-11T10:58:44.760Z] > command requires scopes: ["email","openid","https://www.googleapis.com/auth/cloudplatformprojects.readonly","https://www.googleapis.com/auth/firebase","https://www.googleapis.com/auth/cloud-platform"]
[debug] [2023-10-11T10:58:44.760Z] > authorizing via signed-in user (piyushmahajan7749@gmail.com)
[debug] [2023-10-11T10:58:44.760Z] [iam] checking project gamethinkingai for permissions ["firebase.projects.get","firebasehosting.sites.update"]
[debug] [2023-10-11T10:58:44.761Z] >>> [apiv2][query] POST https://cloudresourcemanager.googleapis.com/v1/projects/gamethinkingai:testIamPermissions [none]
[debug] [2023-10-11T10:58:44.761Z] >>> [apiv2][(partial)header] POST https://cloudresourcemanager.googleapis.com/v1/projects/gamethinkingai:testIamPermissions x-goog-quota-user=projects/gamethinkingai
[debug] [2023-10-11T10:58:44.762Z] >>> [apiv2][body] POST https://cloudresourcemanager.googleapis.com/v1/projects/gamethinkingai:testIamPermissions {"permissions":["firebase.projects.get","firebasehosting.sites.update"]}
[debug] [2023-10-11T10:58:45.219Z] <<< [apiv2][status] POST https://cloudresourcemanager.googleapis.com/v1/projects/gamethinkingai:testIamPermissions 200
[debug] [2023-10-11T10:58:45.220Z] <<< [apiv2][body] POST https://cloudresourcemanager.googleapis.com/v1/projects/gamethinkingai:testIamPermissions {"permissions":["firebase.projects.get","firebasehosting.sites.update"]}
[debug] [2023-10-11T10:58:45.221Z] >>> [apiv2][query] GET https://firebase.googleapis.com/v1beta1/projects/gamethinkingai [none]
[debug] [2023-10-11T10:58:45.726Z] <<< [apiv2][status] GET https://firebase.googleapis.com/v1beta1/projects/gamethinkingai 200
[debug] [2023-10-11T10:58:45.726Z] <<< [apiv2][body] GET https://firebase.googleapis.com/v1beta1/projects/gamethinkingai {"projectId":"gamethinkingai","projectNumber":"326653420397","displayName":"GamethinkingAI","name":"projects/gamethinkingai","resources":{"hostingSite":"gamethinkingai"},"state":"ACTIVE","etag":"1_a761166b-93b3-41b3-8d8c-607381b5a593"}
[debug] [2023-10-11T10:58:46.599Z] >>> [apiv2][query] GET https://firebasehosting.googleapis.com/v1beta1/projects/gamethinkingai/sites pageToken=&pageSize=10
[debug] [2023-10-11T10:58:47.665Z] <<< [apiv2][status] GET https://firebasehosting.googleapis.com/v1beta1/projects/gamethinkingai/sites 200
[debug] [2023-10-11T10:58:47.666Z] <<< [apiv2][body] GET https://firebasehosting.googleapis.com/v1beta1/projects/gamethinkingai/sites {"sites":[{"name":"projects/gamethinkingai/sites/gamethinkingai","defaultUrl":"https://gamethinkingai.web.app","appId":"1:326653420397:web:acb424eea68761b611b064","type":"DEFAULT_SITE"}]}
[debug] [2023-10-11T10:58:47.667Z] >>> [apiv2][query] GET https://firebase.googleapis.com/v1beta1/projects/-/webApps/1:326653420397:web:acb424eea68761b611b064/config [none]
[debug] [2023-10-11T10:58:48.634Z] <<< [apiv2][status] GET https://firebase.googleapis.com/v1beta1/projects/-/webApps/1:326653420397:web:acb424eea68761b611b064/config 200
[debug] [2023-10-11T10:58:48.634Z] <<< [apiv2][body] GET https://firebase.googleapis.com/v1beta1/projects/-/webApps/1:326653420397:web:acb424eea68761b611b064/config {"projectId":"gamethinkingai","appId":"1:326653420397:web:acb424eea68761b611b064","storageBucket":"gamethinkingai.appspot.com","apiKey":"AIzaSyDHeLQjAg8KX-G-8C6QzcoTzPXXCRb3KCY","authDomain":"gamethinkingai.firebaseapp.com","messagingSenderId":"326653420397","measurementId":"G-DR6QG81Z0J"}
[info] 
   Thank you for trying our early preview of Next.js support on Firebase Hosting.
   During the preview, support is best-effort and breaking changes can be expected. Proceed with caution.

   Documentation: https://firebase.google.com/docs/hosting/frameworks/nextjs
   File a bug: https://github.com/firebase/firebase-tools/issues/new?template=bug_report.md
   Submit a feature request: https://github.com/firebase/firebase-tools/issues/new?template=feature_request.md

   We'd love to learn from you. Express your interest in helping us shape the future of Firebase Hosting: https://goo.gle/41enW5X

[info] (node:53891) ExperimentalWarning: stream/web is an experimental feature. This feature could change at any time
(Use `node --trace-warnings ...` to show where the warning was created)

[info] - info Loaded env from /Users/piyush/Projects/leadgen/next13-ai-saas/.env

[info] - info Creating an optimized production build...

[info] (node:53891) [DEP_WEBPACK_MODULE_UPDATE_HASH] DeprecationWarning: Module.updateHash: Use new ChunkGraph API

[info] - info Compiled successfully

[info] - info Linting and checking validity of types...

[info] 
Failed to compile.

./app/(dashboard)/(routes)/audience/behaviors.tsx
42:25  Error: `'` can be escaped with `&apos;`, `&lsquo;`, `&#39;`, `&rsquo;`.  react/no-unescaped-entities
48:30  Error: `'` can be escaped with `&apos;`, `&lsquo;`, `&#39;`, `&rsquo;`.  react/no-unescaped-entities
48:63  Error: `'` can be escaped with `&apos;`, `&lsquo;`, `&#39;`, `&rsquo;`.  react/no-unescaped-entities
50:48  Error: `'` can be escaped with `&apos;`, `&lsquo;`, `&#39;`, `&rsquo;`.  react/no-unescaped-entities

./app/(dashboard)/(routes)/audience/demographics.tsx
42:25  Error: `'` can be escaped with `&apos;`, `&lsquo;`, `&#39;`, `&rsquo;`.  react/no-unescaped-entities
48:64  Error: `'` can be escaped with `&apos;`, `&lsquo;`, `&#39;`, `&rsquo;`.  react/no-unescaped-entities
49:78  Error: `'` can be escaped with `&apos;`, `&lsquo;`, `&#39;`, `&rsquo;`.  react/no-unescaped-entities
52:58  Error: `'` can be escaped with `&apos;`, `&lsquo;`, `&#39;`, `&rsquo;`.  react/no-unescaped-entities

./app/(dashboard)/(routes)/audience/elevatorpitch.tsx
37:31  Error: `'` can be escaped with `&apos;`, `&lsquo;`, `&#39;`, `&rsquo;`.  react/no-unescaped-entities
42:71  Error: `'` can be escaped with `&apos;`, `&lsquo;`, `&#39;`, `&rsquo;`.  react/no-unescaped-entities
44:53  Error: `'` can be escaped with `&apos;`, `&lsquo;`, `&#39;`, `&rsquo;`.  react/no-unescaped-entities

./app/(dashboard)/(routes)/audience/niche.tsx
37:65  Error: `'` can be escaped with `&apos;`, `&lsquo;`, `&#39;`, `&rsquo;`.  react/no-unescaped-entities
42:42  Error: `'` can be escaped with `&apos;`, `&lsquo;`, `&#39;`, `&rsquo;`.  react/no-unescaped-entities
48:25  Error: `'` can be escaped with `&apos;`, `&lsquo;`, `&#39;`, `&rsquo;`.  react/no-unescaped-entities

./app/(dashboard)/(routes)/audience/recruitingstatement.tsx
90:65  Error: `'` can be escaped with `&apos;`, `&lsquo;`, `&#39;`, `&rsquo;`.  react/no-unescaped-entities
91:75  Error: `'` can be escaped with `&apos;`, `&lsquo;`, `&#39;`, `&rsquo;`.  react/no-unescaped-entities

./components/ui/input copy.tsx
9:23  Error: Component definition is missing display name  react/display-name

info  - Need to disable some ESLint rules? Learn more here: https://nextjs.org/docs/basic-features/eslint#disabling-rules

[debug] [2023-10-11T10:59:01.419Z] Error: ENOENT: no such file or directory, open '/Users/piyush/Projects/leadgen/next13-ai-saas/.next/export-marker.json'
[error] 
[error] Error: An unexpected error has occurred.
[debug] [2023-10-11T11:08:47.336Z] ----------------------------------------------------------------------
[debug] [2023-10-11T11:08:47.337Z] Command:       /opt/homebrew/Cellar/node/17.2.0/bin/node /opt/homebrew/bin/firebase deploy
[debug] [2023-10-11T11:08:47.337Z] CLI Version:   12.6.1
[debug] [2023-10-11T11:08:47.338Z] Platform:      darwin
[debug] [2023-10-11T11:08:47.338Z] Node Version:  v17.2.0
[debug] [2023-10-11T11:08:47.339Z] Time:          Wed Oct 11 2023 16:38:47 GMT+0530 (India Standard Time)
[debug] [2023-10-11T11:08:47.339Z] ----------------------------------------------------------------------
[debug] 
[debug] [2023-10-11T11:08:47.373Z] > command requires scopes: ["email","openid","https://www.googleapis.com/auth/cloudplatformprojects.readonly","https://www.googleapis.com/auth/firebase","https://www.googleapis.com/auth/cloud-platform"]
[debug] [2023-10-11T11:08:47.373Z] > authorizing via signed-in user (piyushmahajan7749@gmail.com)
[debug] [2023-10-11T11:08:47.373Z] [iam] checking project gamethinkingai for permissions ["firebase.projects.get","firebasehosting.sites.update"]
[debug] [2023-10-11T11:08:47.374Z] >>> [apiv2][query] POST https://cloudresourcemanager.googleapis.com/v1/projects/gamethinkingai:testIamPermissions [none]
[debug] [2023-10-11T11:08:47.374Z] >>> [apiv2][(partial)header] POST https://cloudresourcemanager.googleapis.com/v1/projects/gamethinkingai:testIamPermissions x-goog-quota-user=projects/gamethinkingai
[debug] [2023-10-11T11:08:47.375Z] >>> [apiv2][body] POST https://cloudresourcemanager.googleapis.com/v1/projects/gamethinkingai:testIamPermissions {"permissions":["firebase.projects.get","firebasehosting.sites.update"]}
[debug] [2023-10-11T11:08:48.973Z] <<< [apiv2][status] POST https://cloudresourcemanager.googleapis.com/v1/projects/gamethinkingai:testIamPermissions 200
[debug] [2023-10-11T11:08:48.973Z] <<< [apiv2][body] POST https://cloudresourcemanager.googleapis.com/v1/projects/gamethinkingai:testIamPermissions {"permissions":["firebase.projects.get","firebasehosting.sites.update"]}
[debug] [2023-10-11T11:08:48.974Z] >>> [apiv2][query] GET https://firebase.googleapis.com/v1beta1/projects/gamethinkingai [none]
[debug] [2023-10-11T11:08:49.685Z] <<< [apiv2][status] GET https://firebase.googleapis.com/v1beta1/projects/gamethinkingai 200
[debug] [2023-10-11T11:08:49.685Z] <<< [apiv2][body] GET https://firebase.googleapis.com/v1beta1/projects/gamethinkingai {"projectId":"gamethinkingai","projectNumber":"326653420397","displayName":"GamethinkingAI","name":"projects/gamethinkingai","resources":{"hostingSite":"gamethinkingai"},"state":"ACTIVE","etag":"1_a761166b-93b3-41b3-8d8c-607381b5a593"}
[debug] [2023-10-11T11:08:50.582Z] >>> [apiv2][query] GET https://firebasehosting.googleapis.com/v1beta1/projects/gamethinkingai/sites pageToken=&pageSize=10
[debug] [2023-10-11T11:08:51.936Z] <<< [apiv2][status] GET https://firebasehosting.googleapis.com/v1beta1/projects/gamethinkingai/sites 200
[debug] [2023-10-11T11:08:51.937Z] <<< [apiv2][body] GET https://firebasehosting.googleapis.com/v1beta1/projects/gamethinkingai/sites {"sites":[{"name":"projects/gamethinkingai/sites/gamethinkingai","defaultUrl":"https://gamethinkingai.web.app","appId":"1:326653420397:web:acb424eea68761b611b064","type":"DEFAULT_SITE"}]}
[debug] [2023-10-11T11:08:51.937Z] >>> [apiv2][query] GET https://firebase.googleapis.com/v1beta1/projects/-/webApps/1:326653420397:web:acb424eea68761b611b064/config [none]
[debug] [2023-10-11T11:08:52.960Z] <<< [apiv2][status] GET https://firebase.googleapis.com/v1beta1/projects/-/webApps/1:326653420397:web:acb424eea68761b611b064/config 200
[debug] [2023-10-11T11:08:52.960Z] <<< [apiv2][body] GET https://firebase.googleapis.com/v1beta1/projects/-/webApps/1:326653420397:web:acb424eea68761b611b064/config {"projectId":"gamethinkingai","appId":"1:326653420397:web:acb424eea68761b611b064","storageBucket":"gamethinkingai.appspot.com","apiKey":"AIzaSyDHeLQjAg8KX-G-8C6QzcoTzPXXCRb3KCY","authDomain":"gamethinkingai.firebaseapp.com","messagingSenderId":"326653420397","measurementId":"G-DR6QG81Z0J"}
[info] 
   Thank you for trying our early preview of Next.js support on Firebase Hosting.
   During the preview, support is best-effort and breaking changes can be expected. Proceed with caution.

   Documentation: https://firebase.google.com/docs/hosting/frameworks/nextjs
   File a bug: https://github.com/firebase/firebase-tools/issues/new?template=bug_report.md
   Submit a feature request: https://github.com/firebase/firebase-tools/issues/new?template=feature_request.md

   We'd love to learn from you. Express your interest in helping us shape the future of Firebase Hosting: https://goo.gle/41enW5X

[info] (node:54198) ExperimentalWarning: stream/web is an experimental feature. This feature could change at any time
(Use `node --trace-warnings ...` to show where the warning was created)

[info] - info Loaded env from /Users/piyush/Projects/leadgen/next13-ai-saas/.env

[info] - info Creating an optimized production build...

[info] (node:54198) [DEP_WEBPACK_MODULE_UPDATE_HASH] DeprecationWarning: Module.updateHash: Use new ChunkGraph API

[info] - info Compiled successfully

[info] - info Linting and checking validity of types...

[info] 
Failed to compile.

./app/(dashboard)/(routes)/audience/demographics.tsx
52:58  Error: `'` can be escaped with `&apos;`, `&lsquo;`, `&#39;`, `&rsquo;`.  react/no-unescaped-entities

./components/ui/input copy.tsx
9:23  Error: Component definition is missing display name  react/display-name

info  - Need to disable some ESLint rules? Learn more here: https://nextjs.org/docs/basic-features/eslint#disabling-rules

[debug] [2023-10-11T11:09:03.169Z] Error: ENOENT: no such file or directory, open '/Users/piyush/Projects/leadgen/next13-ai-saas/.next/export-marker.json'
[error] 
[error] Error: An unexpected error has occurred.
[debug] [2023-10-11T11:09:43.438Z] ----------------------------------------------------------------------
[debug] [2023-10-11T11:09:43.439Z] Command:       /opt/homebrew/Cellar/node/17.2.0/bin/node /opt/homebrew/bin/firebase deploy
[debug] [2023-10-11T11:09:43.439Z] CLI Version:   12.6.1
[debug] [2023-10-11T11:09:43.440Z] Platform:      darwin
[debug] [2023-10-11T11:09:43.440Z] Node Version:  v17.2.0
[debug] [2023-10-11T11:09:43.440Z] Time:          Wed Oct 11 2023 16:39:43 GMT+0530 (India Standard Time)
[debug] [2023-10-11T11:09:43.440Z] ----------------------------------------------------------------------
[debug] 
[debug] [2023-10-11T11:09:43.475Z] > command requires scopes: ["email","openid","https://www.googleapis.com/auth/cloudplatformprojects.readonly","https://www.googleapis.com/auth/firebase","https://www.googleapis.com/auth/cloud-platform"]
[debug] [2023-10-11T11:09:43.476Z] > authorizing via signed-in user (piyushmahajan7749@gmail.com)
[debug] [2023-10-11T11:09:43.476Z] [iam] checking project gamethinkingai for permissions ["firebase.projects.get","firebasehosting.sites.update"]
[debug] [2023-10-11T11:09:43.477Z] >>> [apiv2][query] POST https://cloudresourcemanager.googleapis.com/v1/projects/gamethinkingai:testIamPermissions [none]
[debug] [2023-10-11T11:09:43.477Z] >>> [apiv2][(partial)header] POST https://cloudresourcemanager.googleapis.com/v1/projects/gamethinkingai:testIamPermissions x-goog-quota-user=projects/gamethinkingai
[debug] [2023-10-11T11:09:43.477Z] >>> [apiv2][body] POST https://cloudresourcemanager.googleapis.com/v1/projects/gamethinkingai:testIamPermissions {"permissions":["firebase.projects.get","firebasehosting.sites.update"]}
[debug] [2023-10-11T11:09:44.987Z] <<< [apiv2][status] POST https://cloudresourcemanager.googleapis.com/v1/projects/gamethinkingai:testIamPermissions 200
[debug] [2023-10-11T11:09:44.988Z] <<< [apiv2][body] POST https://cloudresourcemanager.googleapis.com/v1/projects/gamethinkingai:testIamPermissions {"permissions":["firebase.projects.get","firebasehosting.sites.update"]}
[debug] [2023-10-11T11:09:44.989Z] >>> [apiv2][query] GET https://firebase.googleapis.com/v1beta1/projects/gamethinkingai [none]
[debug] [2023-10-11T11:09:45.594Z] <<< [apiv2][status] GET https://firebase.googleapis.com/v1beta1/projects/gamethinkingai 200
[debug] [2023-10-11T11:09:45.595Z] <<< [apiv2][body] GET https://firebase.googleapis.com/v1beta1/projects/gamethinkingai {"projectId":"gamethinkingai","projectNumber":"326653420397","displayName":"GamethinkingAI","name":"projects/gamethinkingai","resources":{"hostingSite":"gamethinkingai"},"state":"ACTIVE","etag":"1_a761166b-93b3-41b3-8d8c-607381b5a593"}
[debug] [2023-10-11T11:09:46.463Z] >>> [apiv2][query] GET https://firebasehosting.googleapis.com/v1beta1/projects/gamethinkingai/sites pageToken=&pageSize=10
[debug] [2023-10-11T11:09:47.542Z] <<< [apiv2][status] GET https://firebasehosting.googleapis.com/v1beta1/projects/gamethinkingai/sites 200
[debug] [2023-10-11T11:09:47.542Z] <<< [apiv2][body] GET https://firebasehosting.googleapis.com/v1beta1/projects/gamethinkingai/sites {"sites":[{"name":"projects/gamethinkingai/sites/gamethinkingai","defaultUrl":"https://gamethinkingai.web.app","appId":"1:326653420397:web:acb424eea68761b611b064","type":"DEFAULT_SITE"}]}
[debug] [2023-10-11T11:09:47.543Z] >>> [apiv2][query] GET https://firebase.googleapis.com/v1beta1/projects/-/webApps/1:326653420397:web:acb424eea68761b611b064/config [none]
[debug] [2023-10-11T11:09:48.566Z] <<< [apiv2][status] GET https://firebase.googleapis.com/v1beta1/projects/-/webApps/1:326653420397:web:acb424eea68761b611b064/config 200
[debug] [2023-10-11T11:09:48.566Z] <<< [apiv2][body] GET https://firebase.googleapis.com/v1beta1/projects/-/webApps/1:326653420397:web:acb424eea68761b611b064/config {"projectId":"gamethinkingai","appId":"1:326653420397:web:acb424eea68761b611b064","storageBucket":"gamethinkingai.appspot.com","apiKey":"AIzaSyDHeLQjAg8KX-G-8C6QzcoTzPXXCRb3KCY","authDomain":"gamethinkingai.firebaseapp.com","messagingSenderId":"326653420397","measurementId":"G-DR6QG81Z0J"}
[info] 
   Thank you for trying our early preview of Next.js support on Firebase Hosting.
   During the preview, support is best-effort and breaking changes can be expected. Proceed with caution.

   Documentation: https://firebase.google.com/docs/hosting/frameworks/nextjs
   File a bug: https://github.com/firebase/firebase-tools/issues/new?template=bug_report.md
   Submit a feature request: https://github.com/firebase/firebase-tools/issues/new?template=feature_request.md

   We'd love to learn from you. Express your interest in helping us shape the future of Firebase Hosting: https://goo.gle/41enW5X

[info] (node:54283) ExperimentalWarning: stream/web is an experimental feature. This feature could change at any time
(Use `node --trace-warnings ...` to show where the warning was created)

[info] - info Loaded env from /Users/piyush/Projects/leadgen/next13-ai-saas/.env

[info] - info Creating an optimized production build...

[info] (node:54283) [DEP_WEBPACK_MODULE_UPDATE_HASH] DeprecationWarning: Module.updateHash: Use new ChunkGraph API

[info] - info Compiled successfully

[info] - info Linting and checking validity of types...

[info] Failed to compile.


[info] ./app/(dashboard)/(routes)/audience/screenerresults.tsx:17:23
Type error: Binding element 'text' implicitly has an 'any' type.

  15 |   }, [messages]);
  16 | 
> 17 |   function Question({ text, options }) {
     |                       ^
  18 |     return (
  19 |       <div className="question">
  20 |         <p>{text}</p>

[debug] [2023-10-11T11:09:58.013Z] Error: ENOENT: no such file or directory, open '/Users/piyush/Projects/leadgen/next13-ai-saas/.next/export-marker.json'
[error] 
[error] Error: An unexpected error has occurred.
[debug] [2023-10-11T11:14:33.419Z] ----------------------------------------------------------------------
[debug] [2023-10-11T11:14:33.420Z] Command:       /opt/homebrew/Cellar/node/17.2.0/bin/node /opt/homebrew/bin/firebase deploy
[debug] [2023-10-11T11:14:33.420Z] CLI Version:   12.6.1
[debug] [2023-10-11T11:14:33.421Z] Platform:      darwin
[debug] [2023-10-11T11:14:33.421Z] Node Version:  v17.2.0
[debug] [2023-10-11T11:14:33.421Z] Time:          Wed Oct 11 2023 16:44:33 GMT+0530 (India Standard Time)
[debug] [2023-10-11T11:14:33.422Z] ----------------------------------------------------------------------
[debug] 
[debug] [2023-10-11T11:14:33.456Z] > command requires scopes: ["email","openid","https://www.googleapis.com/auth/cloudplatformprojects.readonly","https://www.googleapis.com/auth/firebase","https://www.googleapis.com/auth/cloud-platform"]
[debug] [2023-10-11T11:14:33.457Z] > authorizing via signed-in user (piyushmahajan7749@gmail.com)
[debug] [2023-10-11T11:14:33.457Z] [iam] checking project gamethinkingai for permissions ["firebase.projects.get","firebasehosting.sites.update"]
[debug] [2023-10-11T11:14:33.458Z] >>> [apiv2][query] POST https://cloudresourcemanager.googleapis.com/v1/projects/gamethinkingai:testIamPermissions [none]
[debug] [2023-10-11T11:14:33.458Z] >>> [apiv2][(partial)header] POST https://cloudresourcemanager.googleapis.com/v1/projects/gamethinkingai:testIamPermissions x-goog-quota-user=projects/gamethinkingai
[debug] [2023-10-11T11:14:33.458Z] >>> [apiv2][body] POST https://cloudresourcemanager.googleapis.com/v1/projects/gamethinkingai:testIamPermissions {"permissions":["firebase.projects.get","firebasehosting.sites.update"]}
[debug] [2023-10-11T11:14:34.907Z] <<< [apiv2][status] POST https://cloudresourcemanager.googleapis.com/v1/projects/gamethinkingai:testIamPermissions 200
[debug] [2023-10-11T11:14:34.908Z] <<< [apiv2][body] POST https://cloudresourcemanager.googleapis.com/v1/projects/gamethinkingai:testIamPermissions {"permissions":["firebase.projects.get","firebasehosting.sites.update"]}
[debug] [2023-10-11T11:14:34.909Z] >>> [apiv2][query] GET https://firebase.googleapis.com/v1beta1/projects/gamethinkingai [none]
[debug] [2023-10-11T11:14:35.400Z] <<< [apiv2][status] GET https://firebase.googleapis.com/v1beta1/projects/gamethinkingai 200
[debug] [2023-10-11T11:14:35.401Z] <<< [apiv2][body] GET https://firebase.googleapis.com/v1beta1/projects/gamethinkingai {"projectId":"gamethinkingai","projectNumber":"326653420397","displayName":"GamethinkingAI","name":"projects/gamethinkingai","resources":{"hostingSite":"gamethinkingai"},"state":"ACTIVE","etag":"1_a761166b-93b3-41b3-8d8c-607381b5a593"}
[debug] [2023-10-11T11:14:36.287Z] >>> [apiv2][query] GET https://firebasehosting.googleapis.com/v1beta1/projects/gamethinkingai/sites pageToken=&pageSize=10
[debug] [2023-10-11T11:14:37.449Z] <<< [apiv2][status] GET https://firebasehosting.googleapis.com/v1beta1/projects/gamethinkingai/sites 200
[debug] [2023-10-11T11:14:37.449Z] <<< [apiv2][body] GET https://firebasehosting.googleapis.com/v1beta1/projects/gamethinkingai/sites {"sites":[{"name":"projects/gamethinkingai/sites/gamethinkingai","defaultUrl":"https://gamethinkingai.web.app","appId":"1:326653420397:web:acb424eea68761b611b064","type":"DEFAULT_SITE"}]}
[debug] [2023-10-11T11:14:37.450Z] >>> [apiv2][query] GET https://firebase.googleapis.com/v1beta1/projects/-/webApps/1:326653420397:web:acb424eea68761b611b064/config [none]
[debug] [2023-10-11T11:14:38.471Z] <<< [apiv2][status] GET https://firebase.googleapis.com/v1beta1/projects/-/webApps/1:326653420397:web:acb424eea68761b611b064/config 200
[debug] [2023-10-11T11:14:38.472Z] <<< [apiv2][body] GET https://firebase.googleapis.com/v1beta1/projects/-/webApps/1:326653420397:web:acb424eea68761b611b064/config {"projectId":"gamethinkingai","appId":"1:326653420397:web:acb424eea68761b611b064","storageBucket":"gamethinkingai.appspot.com","apiKey":"AIzaSyDHeLQjAg8KX-G-8C6QzcoTzPXXCRb3KCY","authDomain":"gamethinkingai.firebaseapp.com","messagingSenderId":"326653420397","measurementId":"G-DR6QG81Z0J"}
[info] 
   Thank you for trying our early preview of Next.js support on Firebase Hosting.
   During the preview, support is best-effort and breaking changes can be expected. Proceed with caution.

   Documentation: https://firebase.google.com/docs/hosting/frameworks/nextjs
   File a bug: https://github.com/firebase/firebase-tools/issues/new?template=bug_report.md
   Submit a feature request: https://github.com/firebase/firebase-tools/issues/new?template=feature_request.md

   We'd love to learn from you. Express your interest in helping us shape the future of Firebase Hosting: https://goo.gle/41enW5X

[info] (node:54460) ExperimentalWarning: stream/web is an experimental feature. This feature could change at any time
(Use `node --trace-warnings ...` to show where the warning was created)

[info] - info Loaded env from /Users/piyush/Projects/leadgen/next13-ai-saas/.env

[info] - info Creating an optimized production build...

[info] (node:54460) [DEP_WEBPACK_MODULE_UPDATE_HASH] DeprecationWarning: Module.updateHash: Use new ChunkGraph API

[info] - info Compiled successfully

[info] - info Skipping linting

[info] - info Checking validity of types...

[info] Failed to compile.

./app/(dashboard)/(routes)/audience/screenerresults.tsx:65:40
Type error: Property 'role' does not exist on type 'never'.

  63 |       </Label>
  64 |       {screenerContent
> 65 |         .filter((question) => question.role != "user")
     |                                        ^
  66 |         .map((question) => (
  67 |           <div
  68 |             key={question.content}

[debug] [2023-10-11T11:14:49.001Z] Error: ENOENT: no such file or directory, open '/Users/piyush/Projects/leadgen/next13-ai-saas/.next/export-marker.json'
[error] 
[error] Error: An unexpected error has occurred.
